0 info it worked if it ends with ok
1 verbose cli [ '/usr/local/bin/node',
1 verbose cli   '/usr/local/bin/npm',
1 verbose cli   'install',
1 verbose cli   '-g',
1 verbose cli   'cordova',
1 verbose cli   'ionic' ]
2 info using npm@1.3.21
3 info using node@v0.10.24
4 verbose cache add [ 'cordova', null ]
5 verbose cache add name=undefined spec="cordova" args=["cordova",null]
6 verbose parsed url { protocol: null,
6 verbose parsed url   slashes: null,
6 verbose parsed url   auth: null,
6 verbose parsed url   host: null,
6 verbose parsed url   port: null,
6 verbose parsed url   hostname: null,
6 verbose parsed url   hash: null,
6 verbose parsed url   search: null,
6 verbose parsed url   query: null,
6 verbose parsed url   pathname: 'cordova',
6 verbose parsed url   path: 'cordova',
6 verbose parsed url   href: 'cordova' }
7 verbose cache add [ 'ionic', null ]
8 verbose cache add name=undefined spec="ionic" args=["ionic",null]
9 verbose parsed url { protocol: null,
9 verbose parsed url   slashes: null,
9 verbose parsed url   auth: null,
9 verbose parsed url   host: null,
9 verbose parsed url   port: null,
9 verbose parsed url   hostname: null,
9 verbose parsed url   hash: null,
9 verbose parsed url   search: null,
9 verbose parsed url   query: null,
9 verbose parsed url   pathname: 'ionic',
9 verbose parsed url   path: 'ionic',
9 verbose parsed url   href: 'ionic' }
10 silly lockFile a98f2055-cordova cordova
11 verbose lock cordova /Users/Edgar/.npm/a98f2055-cordova.lock
12 silly lockFile 00d10074-ionic ionic
13 verbose lock ionic /Users/Edgar/.npm/00d10074-ionic.lock
14 silly lockFile a98f2055-cordova cordova
15 silly lockFile a98f2055-cordova cordova
16 silly lockFile 00d10074-ionic ionic
17 silly lockFile 00d10074-ionic ionic
18 verbose addNamed [ 'cordova', '' ]
19 verbose addNamed [ null, '*' ]
20 silly lockFile de8d9fad-cordova cordova@
21 verbose lock cordova@ /Users/Edgar/.npm/de8d9fad-cordova.lock
22 verbose addNamed [ 'ionic', '' ]
23 verbose addNamed [ null, '*' ]
24 silly lockFile 966fc04a-ionic ionic@
25 verbose lock ionic@ /Users/Edgar/.npm/966fc04a-ionic.lock
26 silly addNameRange { name: 'cordova', range: '*', hasData: false }
27 silly addNameRange { name: 'ionic', range: '*', hasData: false }
28 verbose url raw cordova
29 verbose url resolving [ 'https://registry.npmjs.org/', './cordova' ]
30 verbose url resolved https://registry.npmjs.org/cordova
31 info trying registry request attempt 1 at 13:22:07
32 http GET https://registry.npmjs.org/cordova
33 verbose url raw ionic
34 verbose url resolving [ 'https://registry.npmjs.org/', './ionic' ]
35 verbose url resolved https://registry.npmjs.org/ionic
36 info trying registry request attempt 1 at 13:22:07
37 http GET https://registry.npmjs.org/ionic
38 http 200 https://registry.npmjs.org/ionic
39 silly registry.get cb [ 200,
39 silly registry.get   { date: 'Sun, 07 Dec 2014 19:22:07 GMT',
39 silly registry.get     server: 'CouchDB/1.5.0 (Erlang OTP/R14B04)',
39 silly registry.get     etag: '"4ZDUTKSYQQYRX14R2EAM2IQQO"',
39 silly registry.get     'content-type': 'application/json',
39 silly registry.get     'cache-control': 'max-age=60',
39 silly registry.get     'content-length': '148305',
39 silly registry.get     'accept-ranges': 'bytes',
39 silly registry.get     via: '1.1 varnish',
39 silly registry.get     age: '0',
39 silly registry.get     'x-served-by': 'cache-dfw1827-DFW',
39 silly registry.get     'x-cache': 'HIT',
39 silly registry.get     'x-cache-hits': '1',
39 silly registry.get     'x-timer': 'S1417980127.195233,VS0,VE59',
39 silly registry.get     vary: 'Accept',
39 silly registry.get     'keep-alive': 'timeout=10, max=50',
39 silly registry.get     connection: 'Keep-Alive' } ]
40 silly addNameRange number 2 { name: 'ionic', range: '*', hasData: true }
41 silly addNameRange versions [ 'ionic',
41 silly addNameRange   [ '0.9.6',
41 silly addNameRange     '0.9.8',
41 silly addNameRange     '0.9.9',
41 silly addNameRange     '0.9.10',
41 silly addNameRange     '0.9.11',
41 silly addNameRange     '0.9.12',
41 silly addNameRange     '0.9.13',
41 silly addNameRange     '0.9.14',
41 silly addNameRange     '0.9.15',
41 silly addNameRange     '0.9.16',
41 silly addNameRange     '1.0.0-beta.1',
41 silly addNameRange     '1.0.0-beta',
41 silly addNameRange     '1.0.1-beta',
41 silly addNameRange     '1.0.3-beta',
41 silly addNameRange     '1.0.4',
41 silly addNameRange     '1.0.5',
41 silly addNameRange     '1.0.6',
41 silly addNameRange     '1.0.7',
41 silly addNameRange     '1.0.8',
41 silly addNameRange     '1.0.9',
41 silly addNameRange     '1.0.10',
41 silly addNameRange     '1.0.11',
41 silly addNameRange     '1.0.12',
41 silly addNameRange     '1.0.13',
41 silly addNameRange     '1.0.14',
41 silly addNameRange     '1.0.15',
41 silly addNameRange     '1.0.16',
41 silly addNameRange     '1.0.17',
41 silly addNameRange     '1.1.0-beta1',
41 silly addNameRange     '1.1.0-beta2',
41 silly addNameRange     '1.1.0-beta3',
41 silly addNameRange     '1.1.0-beta4',
41 silly addNameRange     '1.1.0-beta5',
41 silly addNameRange     '1.1.0-beta6',
41 silly addNameRange     '1.1.0',
41 silly addNameRange     '1.1.1-beta1',
41 silly addNameRange     '1.1.1-beta2',
41 silly addNameRange     '1.1.1-beta3',
41 silly addNameRange     '1.1.1',
41 silly addNameRange     '1.1.3',
41 silly addNameRange     '1.1.4',
41 silly addNameRange     '1.1.5-beta1',
41 silly addNameRange     '1.1.5-beta2',
41 silly addNameRange     '1.1.5-beta3',
41 silly addNameRange     '1.1.5-beta4',
41 silly addNameRange     '1.1.5-beta5',
41 silly addNameRange     '1.1.5',
41 silly addNameRange     '1.1.6',
41 silly addNameRange     '1.1.7-beta1',
41 silly addNameRange     '1.1.7',
41 silly addNameRange     '1.1.8-beta1',
41 silly addNameRange     '1.1.8-beta2',
41 silly addNameRange     '1.1.8-beta3',
41 silly addNameRange     '1.1.8-beta4',
41 silly addNameRange     '1.1.8-beta5',
41 silly addNameRange     '1.1.8',
41 silly addNameRange     '1.1.9-beta1',
41 silly addNameRange     '1.1.9',
41 silly addNameRange     '1.1.10',
41 silly addNameRange     '1.1.11-beta1',
41 silly addNameRange     '1.1.11-beta2',
41 silly addNameRange     '1.1.11',
41 silly addNameRange     '1.1.12-beta1',
41 silly addNameRange     '1.1.12-beta2',
41 silly addNameRange     '1.1.12-beta3',
41 silly addNameRange     '1.1.12',
41 silly addNameRange     '1.1.13',
41 silly addNameRange     '1.1.14-beta1',
41 silly addNameRange     '1.1.14-beta2',
41 silly addNameRange     '1.1.14-beta3',
41 silly addNameRange     '1.2.0-beta1',
41 silly addNameRange     '1.2.0',
41 silly addNameRange     '1.2.1-beta1',
41 silly addNameRange     '1.2.1-beta2',
41 silly addNameRange     '1.2.1-beta3',
41 silly addNameRange     '1.2.1-beta4',
41 silly addNameRange     '1.2.1',
41 silly addNameRange     '1.2.2',
41 silly addNameRange     '1.2.3-beta1',
41 silly addNameRange     '1.2.3-beta2',
41 silly addNameRange     '1.2.3-beta3',
41 silly addNameRange     '1.2.3',
41 silly addNameRange     '1.2.4-beta1',
41 silly addNameRange     '1.2.4-beta2',
41 silly addNameRange     '1.2.4-beta3',
41 silly addNameRange     '1.2.4',
41 silly addNameRange     '1.2.5-beta1',
41 silly addNameRange     '1.2.5-beta2',
41 silly addNameRange     '1.2.5-beta3',
41 silly addNameRange     '1.2.5',
41 silly addNameRange     '1.2.6-beta1',
41 silly addNameRange     '1.2.6-beta2',
41 silly addNameRange     '1.2.6-beta3',
41 silly addNameRange     '1.2.6',
41 silly addNameRange     '1.2.7',
41 silly addNameRange     '1.2.8-beta1',
41 silly addNameRange     '1.2.8-beta2',
41 silly addNameRange     '1.2.8' ] ]
42 verbose addNamed [ 'ionic', '1.2.8' ]
43 verbose addNamed [ '1.2.8', '1.2.8' ]
44 silly lockFile 74ce95ae-ionic-1-2-8 ionic@1.2.8
45 verbose lock ionic@1.2.8 /Users/Edgar/.npm/74ce95ae-ionic-1-2-8.lock
46 silly lockFile 65c480ba--npmjs-org-ionic-ionic-1-2-8-tgz https://registry.npmjs.org/ionic/-/ionic-1.2.8.tgz
47 verbose lock https://registry.npmjs.org/ionic/-/ionic-1.2.8.tgz /Users/Edgar/.npm/65c480ba--npmjs-org-ionic-ionic-1-2-8-tgz.lock
48 verbose addRemoteTarball [ 'https://registry.npmjs.org/ionic/-/ionic-1.2.8.tgz',
48 verbose addRemoteTarball   'b7087e0ba85f358934fa6546a351e966afa771a3' ]
49 info retry fetch attempt 1 at 13:22:07
50 verbose fetch to= /var/folders/q5/t65xmhtx66vctdg6rylvp41w0000gn/T/npm-4129-U1xfiPxs/1417980127607-0.628070856211707/tmp.tgz
51 http GET https://registry.npmjs.org/ionic/-/ionic-1.2.8.tgz
52 http 200 https://registry.npmjs.org/cordova
53 silly registry.get cb [ 200,
53 silly registry.get   { date: 'Sun, 07 Dec 2014 19:22:07 GMT',
53 silly registry.get     server: 'CouchDB/1.5.0 (Erlang OTP/R16B03)',
53 silly registry.get     etag: '"32YT5T37PFKCKXJLRUJ4ZZ8S"',
53 silly registry.get     'content-type': 'application/json',
53 silly registry.get     'cache-control': 'max-age=60',
53 silly registry.get     'content-length': '333676',
53 silly registry.get     'accept-ranges': 'bytes',
53 silly registry.get     via: '1.1 varnish',
53 silly registry.get     age: '0',
53 silly registry.get     'x-served-by': 'cache-dfw1824-DFW',
53 silly registry.get     'x-cache': 'HIT',
53 silly registry.get     'x-cache-hits': '1',
53 silly registry.get     'x-timer': 'S1417980127.197279,VS0,VE64',
53 silly registry.get     vary: 'Accept',
53 silly registry.get     'keep-alive': 'timeout=10, max=50',
53 silly registry.get     connection: 'Keep-Alive' } ]
54 silly addNameRange number 2 { name: 'cordova', range: '*', hasData: true }
55 silly addNameRange versions [ 'cordova',
55 silly addNameRange   [ '0.0.1',
55 silly addNameRange     '0.0.2',
55 silly addNameRange     '0.0.3',
55 silly addNameRange     '0.0.4',
55 silly addNameRange     '0.0.5',
55 silly addNameRange     '0.0.6',
55 silly addNameRange     '0.0.7',
55 silly addNameRange     '0.0.8',
55 silly addNameRange     '0.0.9',
55 silly addNameRange     '0.1.0',
55 silly addNameRange     '0.1.1',
55 silly addNameRange     '0.1.2',
55 silly addNameRange     '0.1.3',
55 silly addNameRange     '0.1.4',
55 silly addNameRange     '0.1.5',
55 silly addNameRange     '0.1.6',
55 silly addNameRange     '0.1.7',
55 silly addNameRange     '0.1.8',
55 silly addNameRange     '0.1.9',
55 silly addNameRange     '0.1.10',
55 silly addNameRange     '0.1.11',
55 silly addNameRange     '0.1.12',
55 silly addNameRange     '0.1.13',
55 silly addNameRange     '0.1.14',
55 silly addNameRange     '2.2.0',
55 silly addNameRange     '2.3.0',
55 silly addNameRange     '2.3.1',
55 silly addNameRange     '2.3.2',
55 silly addNameRange     '2.3.3',
55 silly addNameRange     '2.3.5',
55 silly addNameRange     '2.3.6',
55 silly addNameRange     '2.4.0',
55 silly addNameRange     '2.4.1',
55 silly addNameRange     '2.4.2',
55 silly addNameRange     '2.4.3',
55 silly addNameRange     '2.4.4',
55 silly addNameRange     '2.4.5',
55 silly addNameRange     '2.4.6',
55 silly addNameRange     '2.4.7',
55 silly addNameRange     '2.4.8',
55 silly addNameRange     '2.4.9',
55 silly addNameRange     '2.4.10',
55 silly addNameRange     '2.5.0',
55 silly addNameRange     '2.5.2',
55 silly addNameRange     '2.5.3',
55 silly addNameRange     '2.5.4',
55 silly addNameRange     '2.5.5',
55 silly addNameRange     '2.6.0',
55 silly addNameRange     '2.6.1',
55 silly addNameRange     '2.6.2',
55 silly addNameRange     '2.7.0-rc.1',
55 silly addNameRange     '2.7.1-rc.1',
55 silly addNameRange     '2.7.2',
55 silly addNameRange     '2.7.3',
55 silly addNameRange     '2.7.4',
55 silly addNameRange     '2.8.0',
55 silly addNameRange     '2.8.1',
55 silly addNameRange     '2.8.2',
55 silly addNameRange     '2.8.3',
55 silly addNameRange     '2.8.4',
55 silly addNameRange     '2.8.5',
55 silly addNameRange     '2.8.6',
55 silly addNameRange     '2.8.7',
55 silly addNameRange     '2.8.8',
55 silly addNameRange     '2.8.9',
55 silly addNameRange     '2.8.10',
55 silly addNameRange     '2.8.11',
55 silly addNameRange     '2.8.12',
55 silly addNameRange     '2.8.13',
55 silly addNameRange     '2.8.14',
55 silly addNameRange     '2.8.15',
55 silly addNameRange     '2.8.16',
55 silly addNameRange     '2.8.17',
55 silly addNameRange     '2.8.18',
55 silly addNameRange     '2.8.19',
55 silly addNameRange     '2.8.20',
55 silly addNameRange     '2.8.21',
55 silly addNameRange     '2.8.22',
55 silly addNameRange     '2.8.23',
55 silly addNameRange     '2.8.24',
55 silly addNameRange     '2.8.25',
55 silly addNameRange     '2.9.0',
55 silly addNameRange     '2.9.1',
55 silly addNameRange     '2.9.2',
55 silly addNameRange     '2.9.3',
55 silly addNameRange     '2.9.4',
55 silly addNameRange     '2.9.5',
55 silly addNameRange     '2.9.6',
55 silly addNameRange     '2.9.7',
55 silly addNameRange     '3.0.0-rc1',
55 silly addNameRange     '3.0.0-rc1-1',
55 silly addNameRange     '3.0.0-rc1-3',
55 silly addNameRange     '3.0.0',
55 silly addNameRange     '3.0.1',
55 silly addNameRange     '3.0.2',
55 silly addNameRange     '3.0.3',
55 silly addNameRange     '3.0.4',
55 silly addNameRange     '3.0.5',
55 silly addNameRange     '3.0.6',
55 silly addNameRange     '3.0.7',
55 silly addNameRange     '3.0.8',
55 silly addNameRange     '3.0.9',
55 silly addNameRange     '3.0.10',
55 silly addNameRange     '3.1.0-0.1.0',
55 silly addNameRange     '3.1.0-0.2.0',
55 silly addNameRange     '3.2.0-rc.1',
55 silly addNameRange     '3.2.0-0.1.0',
55 silly addNameRange     '3.2.0-0.2.0',
55 silly addNameRange     '3.2.0-0.3.0',
55 silly addNameRange     '3.2.0-0.4.0',
55 silly addNameRange     '3.3.0-rc.1',
55 silly addNameRange     '3.3.0-0.1.1',
55 silly addNameRange     '3.3.1-0.1.2',
55 silly addNameRange     '2.9.0-rc1',
55 silly addNameRange     '3.3.1-0.3.0',
55 silly addNameRange     '3.3.1-0.3.1',
55 silly addNameRange     '3.3.1-0.4.1',
55 silly addNameRange     '3.3.1-0.4.2',
55 silly addNameRange     '3.4.0-0.1.0',
55 silly addNameRange     '3.4.0-0.1.1',
55 silly addNameRange     '3.4.0-0.1.2',
55 silly addNameRange     '3.4.0-0.1.3',
55 silly addNameRange     '0.0.0-fake',
55 silly addNameRange     '3.4.1-0.1.0',
55 silly addNameRange     '3.5.0-0.2.0',
55 silly addNameRange     '3.5.0-0.2.1',
55 silly addNameRange     '3.5.0-0.2.2',
55 silly addNameRange     '3.5.0-0.2.3',
55 silly addNameRange     '3.5.0-0.2.4',
55 silly addNameRange     '3.5.0-0.2.6',
55 silly addNameRange     '3.5.0-0.2.7',
55 silly addNameRange     '3.6.0-0.2.8',
55 silly addNameRange     '3.6.0-0.2.9',
55 silly addNameRange     '3.6.1-0.2.10',
55 silly addNameRange     '3.6.3-0.2.11',
55 silly addNameRange     '3.6.3-0.2.12',
55 silly addNameRange     '3.6.3-0.2.13',
55 silly addNameRange     '4.0.0',
55 silly addNameRange     '4.0.1',
55 silly addNameRange     '4.1.0',
55 silly addNameRange     '4.1.1',
55 silly addNameRange     '4.1.2',
55 silly addNameRange     '4.1.3-nightly.2014.10.21' ] ]
56 verbose addNamed [ 'cordova', '4.1.2' ]
57 verbose addNamed [ '4.1.2', '4.1.2' ]
58 silly lockFile d72081f6-cordova-4-1-2 cordova@4.1.2
59 verbose lock cordova@4.1.2 /Users/Edgar/.npm/d72081f6-cordova-4-1-2.lock
60 silly lockFile 69dcc1a4-js-org-cordova-cordova-4-1-2-tgz https://registry.npmjs.org/cordova/-/cordova-4.1.2.tgz
61 verbose lock https://registry.npmjs.org/cordova/-/cordova-4.1.2.tgz /Users/Edgar/.npm/69dcc1a4-js-org-cordova-cordova-4-1-2-tgz.lock
62 verbose addRemoteTarball [ 'https://registry.npmjs.org/cordova/-/cordova-4.1.2.tgz',
62 verbose addRemoteTarball   '68fae142997354777f77c0320229c3798cd496fd' ]
63 info retry fetch attempt 1 at 13:22:07
64 verbose fetch to= /var/folders/q5/t65xmhtx66vctdg6rylvp41w0000gn/T/npm-4129-U1xfiPxs/1417980127724-0.1823632826562971/tmp.tgz
65 http GET https://registry.npmjs.org/cordova/-/cordova-4.1.2.tgz
66 http 200 https://registry.npmjs.org/ionic/-/ionic-1.2.8.tgz
67 verbose tar unpack /var/folders/q5/t65xmhtx66vctdg6rylvp41w0000gn/T/npm-4129-U1xfiPxs/1417980127607-0.628070856211707/tmp.tgz
68 silly lockFile 4541e22e-127607-0-628070856211707-package tar:///var/folders/q5/t65xmhtx66vctdg6rylvp41w0000gn/T/npm-4129-U1xfiPxs/1417980127607-0.628070856211707/package
69 verbose lock tar:///var/folders/q5/t65xmhtx66vctdg6rylvp41w0000gn/T/npm-4129-U1xfiPxs/1417980127607-0.628070856211707/package /Users/Edgar/.npm/4541e22e-127607-0-628070856211707-package.lock
70 silly lockFile 87705370-127607-0-628070856211707-tmp-tgz tar:///var/folders/q5/t65xmhtx66vctdg6rylvp41w0000gn/T/npm-4129-U1xfiPxs/1417980127607-0.628070856211707/tmp.tgz
71 verbose lock tar:///var/folders/q5/t65xmhtx66vctdg6rylvp41w0000gn/T/npm-4129-U1xfiPxs/1417980127607-0.628070856211707/tmp.tgz /Users/Edgar/.npm/87705370-127607-0-628070856211707-tmp-tgz.lock
72 silly gunzTarPerm modes [ '755', '644' ]
73 silly gunzTarPerm extractEntry package.json
74 silly gunzTarPerm extractEntry .npmignore
75 silly gunzTarPerm extractEntry README.md
76 silly gunzTarPerm extractEntry LICENSE
77 silly gunzTarPerm extractEntry .gitattributes
78 silly gunzTarPerm extractEntry CHANGELOG.md
79 silly gunzTarPerm extractEntry bin/ionic
80 silly gunzTarPerm extractEntry lib/ionic.js
81 silly gunzTarPerm extractEntry lib/hooks/after_prepare/010_add_platform_class.js
82 silly gunzTarPerm extractEntry lib/ionic/app.js
83 silly gunzTarPerm extractEntry lib/ionic/lib.js
84 silly gunzTarPerm extractEntry lib/ionic/login.js
85 silly gunzTarPerm extractEntry lib/ionic/package.js
86 silly gunzTarPerm extractEntry lib/ionic/cordova.js
87 silly gunzTarPerm extractEntry lib/ionic/serve.js
88 silly gunzTarPerm extractEntry lib/ionic/setup.js
89 silly gunzTarPerm extractEntry lib/ionic/start.js
90 silly gunzTarPerm extractEntry lib/ionic/stats.js
91 silly gunzTarPerm extractEntry lib/ionic/store.js
92 silly gunzTarPerm extractEntry lib/ionic/config.js
93 silly gunzTarPerm extractEntry lib/ionic/task.js
94 silly gunzTarPerm extractEntry lib/ionic/bower.js
95 silly gunzTarPerm extractEntry lib/ionic/upload.js
96 silly gunzTarPerm extractEntry lib/ionic/project.js
97 silly gunzTarPerm extractEntry npm-shrinkwrap.json
98 http 200 https://registry.npmjs.org/cordova/-/cordova-4.1.2.tgz
99 silly lockFile 4541e22e-127607-0-628070856211707-package tar:///var/folders/q5/t65xmhtx66vctdg6rylvp41w0000gn/T/npm-4129-U1xfiPxs/1417980127607-0.628070856211707/package
100 silly lockFile 4541e22e-127607-0-628070856211707-package tar:///var/folders/q5/t65xmhtx66vctdg6rylvp41w0000gn/T/npm-4129-U1xfiPxs/1417980127607-0.628070856211707/package
101 verbose tar unpack /var/folders/q5/t65xmhtx66vctdg6rylvp41w0000gn/T/npm-4129-U1xfiPxs/1417980127724-0.1823632826562971/tmp.tgz
102 silly lockFile f32acedd-27724-0-1823632826562971-package tar:///var/folders/q5/t65xmhtx66vctdg6rylvp41w0000gn/T/npm-4129-U1xfiPxs/1417980127724-0.1823632826562971/package
103 verbose lock tar:///var/folders/q5/t65xmhtx66vctdg6rylvp41w0000gn/T/npm-4129-U1xfiPxs/1417980127724-0.1823632826562971/package /Users/Edgar/.npm/f32acedd-27724-0-1823632826562971-package.lock
104 silly lockFile 28c6673a-27724-0-1823632826562971-tmp-tgz tar:///var/folders/q5/t65xmhtx66vctdg6rylvp41w0000gn/T/npm-4129-U1xfiPxs/1417980127724-0.1823632826562971/tmp.tgz
105 verbose lock tar:///var/folders/q5/t65xmhtx66vctdg6rylvp41w0000gn/T/npm-4129-U1xfiPxs/1417980127724-0.1823632826562971/tmp.tgz /Users/Edgar/.npm/28c6673a-27724-0-1823632826562971-tmp-tgz.lock
106 silly lockFile 87705370-127607-0-628070856211707-tmp-tgz tar:///var/folders/q5/t65xmhtx66vctdg6rylvp41w0000gn/T/npm-4129-U1xfiPxs/1417980127607-0.628070856211707/tmp.tgz
107 silly lockFile 87705370-127607-0-628070856211707-tmp-tgz tar:///var/folders/q5/t65xmhtx66vctdg6rylvp41w0000gn/T/npm-4129-U1xfiPxs/1417980127607-0.628070856211707/tmp.tgz
108 verbose tar pack [ '/Users/Edgar/.npm/ionic/1.2.8/package.tgz',
108 verbose tar pack   '/var/folders/q5/t65xmhtx66vctdg6rylvp41w0000gn/T/npm-4129-U1xfiPxs/1417980127607-0.628070856211707/package' ]
109 verbose tarball /Users/Edgar/.npm/ionic/1.2.8/package.tgz
110 verbose folder /var/folders/q5/t65xmhtx66vctdg6rylvp41w0000gn/T/npm-4129-U1xfiPxs/1417980127607-0.628070856211707/package
111 silly lockFile 4541e22e-127607-0-628070856211707-package tar:///var/folders/q5/t65xmhtx66vctdg6rylvp41w0000gn/T/npm-4129-U1xfiPxs/1417980127607-0.628070856211707/package
112 verbose lock tar:///var/folders/q5/t65xmhtx66vctdg6rylvp41w0000gn/T/npm-4129-U1xfiPxs/1417980127607-0.628070856211707/package /Users/Edgar/.npm/4541e22e-127607-0-628070856211707-package.lock
113 silly lockFile 3e4b3a65-dgar-npm-ionic-1-2-8-package-tgz tar:///Users/Edgar/.npm/ionic/1.2.8/package.tgz
114 verbose lock tar:///Users/Edgar/.npm/ionic/1.2.8/package.tgz /Users/Edgar/.npm/3e4b3a65-dgar-npm-ionic-1-2-8-package-tgz.lock
115 silly gunzTarPerm modes [ '755', '644' ]
116 silly gunzTarPerm extractEntry package.json
117 silly gunzTarPerm extractEntry .npmignore
118 silly gunzTarPerm extractEntry README.md
119 silly gunzTarPerm extractEntry LICENSE
120 silly gunzTarPerm extractEntry cordova.js
121 silly gunzTarPerm extractEntry CONTRIBUTING.md
122 silly gunzTarPerm extractEntry .reviewboardrc
123 silly gunzTarPerm extractEntry bin/cordova
124 silly gunzTarPerm extractEntry bin/cordova.cmd
125 silly gunzTarPerm extractEntry src/cli.js
126 silly gunzTarPerm extractEntry src/create.js
127 silly gunzTarPerm extractEntry src/help.js
128 silly gunzTarPerm extractEntry doc/ja/bash.md
129 silly gunzTarPerm extractEntry doc/bash.md
130 silly gunzTarPerm extractEntry doc/compile.txt
131 silly gunzTarPerm extractEntry doc/cordova.txt
132 silly gunzTarPerm extractEntry doc/create.txt
133 silly gunzTarPerm extractEntry doc/de/bash.md
134 silly gunzTarPerm extractEntry doc/emulate.txt
135 silly gunzTarPerm extractEntry doc/es/bash.md
136 silly gunzTarPerm extractEntry doc/fr/bash.md
137 silly gunzTarPerm extractEntry doc/help.txt
138 silly gunzTarPerm extractEntry doc/info.txt
139 silly gunzTarPerm extractEntry doc/it/bash.md
140 silly gunzTarPerm extractEntry doc/build.txt
141 silly gunzTarPerm extractEntry doc/ko/bash.md
142 silly gunzTarPerm extractEntry doc/pl/bash.md
143 silly gunzTarPerm extractEntry doc/platform.txt
144 silly gunzTarPerm extractEntry doc/plugin.txt
145 silly gunzTarPerm extractEntry doc/prepare.txt
146 silly gunzTarPerm extractEntry doc/restore.txt
147 silly gunzTarPerm extractEntry doc/ru/bash.md
148 silly gunzTarPerm extractEntry doc/run.txt
149 silly gunzTarPerm extractEntry doc/save.txt
150 silly gunzTarPerm extractEntry doc/serve.txt
151 silly gunzTarPerm extractEntry doc/zh/bash.md
152 silly gunzTarPerm extractEntry NOTICE
153 silly gunzTarPerm extractEntry scripts/cordova.completion
154 silly gunzTarPerm extractEntry RELEASENOTES.md
155 silly lockFile 4541e22e-127607-0-628070856211707-package tar:///var/folders/q5/t65xmhtx66vctdg6rylvp41w0000gn/T/npm-4129-U1xfiPxs/1417980127607-0.628070856211707/package
156 silly lockFile 4541e22e-127607-0-628070856211707-package tar:///var/folders/q5/t65xmhtx66vctdg6rylvp41w0000gn/T/npm-4129-U1xfiPxs/1417980127607-0.628070856211707/package
157 silly lockFile 3e4b3a65-dgar-npm-ionic-1-2-8-package-tgz tar:///Users/Edgar/.npm/ionic/1.2.8/package.tgz
158 silly lockFile 3e4b3a65-dgar-npm-ionic-1-2-8-package-tgz tar:///Users/Edgar/.npm/ionic/1.2.8/package.tgz
159 silly lockFile b15c0b62-rs-Edgar-npm-ionic-1-2-8-package /Users/Edgar/.npm/ionic/1.2.8/package
160 verbose lock /Users/Edgar/.npm/ionic/1.2.8/package /Users/Edgar/.npm/b15c0b62-rs-Edgar-npm-ionic-1-2-8-package.lock
161 silly lockFile b15c0b62-rs-Edgar-npm-ionic-1-2-8-package /Users/Edgar/.npm/ionic/1.2.8/package
162 silly lockFile b15c0b62-rs-Edgar-npm-ionic-1-2-8-package /Users/Edgar/.npm/ionic/1.2.8/package
163 verbose tar unpack /Users/Edgar/.npm/ionic/1.2.8/package.tgz
164 silly lockFile 75896b6a-rs-Edgar-npm-ionic-1-2-8-package tar:///Users/Edgar/.npm/ionic/1.2.8/package
165 verbose lock tar:///Users/Edgar/.npm/ionic/1.2.8/package /Users/Edgar/.npm/75896b6a-rs-Edgar-npm-ionic-1-2-8-package.lock
166 silly lockFile 3e4b3a65-dgar-npm-ionic-1-2-8-package-tgz tar:///Users/Edgar/.npm/ionic/1.2.8/package.tgz
167 verbose lock tar:///Users/Edgar/.npm/ionic/1.2.8/package.tgz /Users/Edgar/.npm/3e4b3a65-dgar-npm-ionic-1-2-8-package-tgz.lock
168 silly gunzTarPerm modes [ '755', '644' ]
169 silly gunzTarPerm extractEntry package.json
170 silly gunzTarPerm extractEntry .npmignore
171 silly gunzTarPerm extractEntry README.md
172 silly gunzTarPerm extractEntry LICENSE
173 silly gunzTarPerm extractEntry .gitattributes
174 silly gunzTarPerm extractEntry CHANGELOG.md
175 silly gunzTarPerm extractEntry bin/ionic
176 silly gunzTarPerm extractEntry lib/ionic.js
177 silly gunzTarPerm extractEntry lib/hooks/after_prepare/010_add_platform_class.js
178 silly gunzTarPerm extractEntry lib/ionic/app.js
179 silly gunzTarPerm extractEntry lib/ionic/lib.js
180 silly gunzTarPerm extractEntry lib/ionic/login.js
181 silly gunzTarPerm extractEntry lib/ionic/package.js
182 silly gunzTarPerm extractEntry lib/ionic/cordova.js
183 silly gunzTarPerm extractEntry lib/ionic/serve.js
184 silly gunzTarPerm extractEntry lib/ionic/setup.js
185 silly gunzTarPerm extractEntry lib/ionic/start.js
186 silly gunzTarPerm extractEntry lib/ionic/stats.js
187 silly gunzTarPerm extractEntry lib/ionic/store.js
188 silly gunzTarPerm extractEntry lib/ionic/config.js
189 silly gunzTarPerm extractEntry lib/ionic/task.js
190 silly gunzTarPerm extractEntry lib/ionic/bower.js
191 silly gunzTarPerm extractEntry lib/ionic/upload.js
192 silly gunzTarPerm extractEntry lib/ionic/project.js
193 silly gunzTarPerm extractEntry npm-shrinkwrap.json
194 silly lockFile f32acedd-27724-0-1823632826562971-package tar:///var/folders/q5/t65xmhtx66vctdg6rylvp41w0000gn/T/npm-4129-U1xfiPxs/1417980127724-0.1823632826562971/package
195 silly lockFile f32acedd-27724-0-1823632826562971-package tar:///var/folders/q5/t65xmhtx66vctdg6rylvp41w0000gn/T/npm-4129-U1xfiPxs/1417980127724-0.1823632826562971/package
196 silly lockFile 28c6673a-27724-0-1823632826562971-tmp-tgz tar:///var/folders/q5/t65xmhtx66vctdg6rylvp41w0000gn/T/npm-4129-U1xfiPxs/1417980127724-0.1823632826562971/tmp.tgz
197 silly lockFile 28c6673a-27724-0-1823632826562971-tmp-tgz tar:///var/folders/q5/t65xmhtx66vctdg6rylvp41w0000gn/T/npm-4129-U1xfiPxs/1417980127724-0.1823632826562971/tmp.tgz
198 verbose tar pack [ '/Users/Edgar/.npm/cordova/4.1.2/package.tgz',
198 verbose tar pack   '/var/folders/q5/t65xmhtx66vctdg6rylvp41w0000gn/T/npm-4129-U1xfiPxs/1417980127724-0.1823632826562971/package' ]
199 verbose tarball /Users/Edgar/.npm/cordova/4.1.2/package.tgz
200 verbose folder /var/folders/q5/t65xmhtx66vctdg6rylvp41w0000gn/T/npm-4129-U1xfiPxs/1417980127724-0.1823632826562971/package
201 silly lockFile f32acedd-27724-0-1823632826562971-package tar:///var/folders/q5/t65xmhtx66vctdg6rylvp41w0000gn/T/npm-4129-U1xfiPxs/1417980127724-0.1823632826562971/package
202 verbose lock tar:///var/folders/q5/t65xmhtx66vctdg6rylvp41w0000gn/T/npm-4129-U1xfiPxs/1417980127724-0.1823632826562971/package /Users/Edgar/.npm/f32acedd-27724-0-1823632826562971-package.lock
203 silly lockFile 1938eb87-ar-npm-cordova-4-1-2-package-tgz tar:///Users/Edgar/.npm/cordova/4.1.2/package.tgz
204 verbose lock tar:///Users/Edgar/.npm/cordova/4.1.2/package.tgz /Users/Edgar/.npm/1938eb87-ar-npm-cordova-4-1-2-package-tgz.lock
205 silly lockFile f32acedd-27724-0-1823632826562971-package tar:///var/folders/q5/t65xmhtx66vctdg6rylvp41w0000gn/T/npm-4129-U1xfiPxs/1417980127724-0.1823632826562971/package
206 silly lockFile f32acedd-27724-0-1823632826562971-package tar:///var/folders/q5/t65xmhtx66vctdg6rylvp41w0000gn/T/npm-4129-U1xfiPxs/1417980127724-0.1823632826562971/package
207 silly lockFile 1938eb87-ar-npm-cordova-4-1-2-package-tgz tar:///Users/Edgar/.npm/cordova/4.1.2/package.tgz
208 silly lockFile 1938eb87-ar-npm-cordova-4-1-2-package-tgz tar:///Users/Edgar/.npm/cordova/4.1.2/package.tgz
209 silly lockFile a8113bb3--Edgar-npm-cordova-4-1-2-package /Users/Edgar/.npm/cordova/4.1.2/package
210 verbose lock /Users/Edgar/.npm/cordova/4.1.2/package /Users/Edgar/.npm/a8113bb3--Edgar-npm-cordova-4-1-2-package.lock
211 silly lockFile a8113bb3--Edgar-npm-cordova-4-1-2-package /Users/Edgar/.npm/cordova/4.1.2/package
212 silly lockFile a8113bb3--Edgar-npm-cordova-4-1-2-package /Users/Edgar/.npm/cordova/4.1.2/package
213 verbose tar unpack /Users/Edgar/.npm/cordova/4.1.2/package.tgz
214 silly lockFile 94276bf9--Edgar-npm-cordova-4-1-2-package tar:///Users/Edgar/.npm/cordova/4.1.2/package
215 verbose lock tar:///Users/Edgar/.npm/cordova/4.1.2/package /Users/Edgar/.npm/94276bf9--Edgar-npm-cordova-4-1-2-package.lock
216 silly lockFile 1938eb87-ar-npm-cordova-4-1-2-package-tgz tar:///Users/Edgar/.npm/cordova/4.1.2/package.tgz
217 verbose lock tar:///Users/Edgar/.npm/cordova/4.1.2/package.tgz /Users/Edgar/.npm/1938eb87-ar-npm-cordova-4-1-2-package-tgz.lock
218 silly gunzTarPerm modes [ '755', '644' ]
219 silly gunzTarPerm extractEntry package.json
220 silly gunzTarPerm extractEntry .npmignore
221 silly gunzTarPerm extractEntry README.md
222 silly gunzTarPerm extractEntry LICENSE
223 silly gunzTarPerm extractEntry cordova.js
224 silly gunzTarPerm extractEntry CONTRIBUTING.md
225 silly gunzTarPerm extractEntry .reviewboardrc
226 silly gunzTarPerm extractEntry bin/cordova
227 silly gunzTarPerm extractEntry bin/cordova.cmd
228 silly gunzTarPerm extractEntry src/cli.js
229 silly gunzTarPerm extractEntry src/create.js
230 silly gunzTarPerm extractEntry src/help.js
231 silly lockFile 75896b6a-rs-Edgar-npm-ionic-1-2-8-package tar:///Users/Edgar/.npm/ionic/1.2.8/package
232 silly lockFile 75896b6a-rs-Edgar-npm-ionic-1-2-8-package tar:///Users/Edgar/.npm/ionic/1.2.8/package
233 silly lockFile 3e4b3a65-dgar-npm-ionic-1-2-8-package-tgz tar:///Users/Edgar/.npm/ionic/1.2.8/package.tgz
234 silly lockFile 3e4b3a65-dgar-npm-ionic-1-2-8-package-tgz tar:///Users/Edgar/.npm/ionic/1.2.8/package.tgz
235 verbose chmod /Users/Edgar/.npm/ionic/1.2.8/package.tgz 644
236 verbose chown /Users/Edgar/.npm/ionic/1.2.8/package.tgz [ 501, 20 ]
237 silly gunzTarPerm extractEntry doc/ja/bash.md
238 silly gunzTarPerm extractEntry doc/bash.md
239 silly lockFile 65c480ba--npmjs-org-ionic-ionic-1-2-8-tgz https://registry.npmjs.org/ionic/-/ionic-1.2.8.tgz
240 silly lockFile 65c480ba--npmjs-org-ionic-ionic-1-2-8-tgz https://registry.npmjs.org/ionic/-/ionic-1.2.8.tgz
241 silly lockFile 74ce95ae-ionic-1-2-8 ionic@1.2.8
242 silly lockFile 74ce95ae-ionic-1-2-8 ionic@1.2.8
243 silly lockFile 966fc04a-ionic ionic@
244 silly lockFile 966fc04a-ionic ionic@
245 silly gunzTarPerm extractEntry doc/compile.txt
246 silly gunzTarPerm extractEntry doc/cordova.txt
247 silly gunzTarPerm extractEntry doc/create.txt
248 silly gunzTarPerm extractEntry doc/de/bash.md
249 silly gunzTarPerm extractEntry doc/emulate.txt
250 silly gunzTarPerm extractEntry doc/es/bash.md
251 silly gunzTarPerm extractEntry doc/fr/bash.md
252 silly gunzTarPerm extractEntry doc/help.txt
253 silly gunzTarPerm extractEntry doc/info.txt
254 silly gunzTarPerm extractEntry doc/it/bash.md
255 silly gunzTarPerm extractEntry doc/build.txt
256 silly gunzTarPerm extractEntry doc/ko/bash.md
257 silly gunzTarPerm extractEntry doc/pl/bash.md
258 silly gunzTarPerm extractEntry doc/platform.txt
259 silly gunzTarPerm extractEntry doc/plugin.txt
260 silly gunzTarPerm extractEntry doc/prepare.txt
261 silly gunzTarPerm extractEntry doc/restore.txt
262 silly gunzTarPerm extractEntry doc/ru/bash.md
263 silly gunzTarPerm extractEntry doc/run.txt
264 silly gunzTarPerm extractEntry doc/save.txt
265 silly gunzTarPerm extractEntry doc/serve.txt
266 silly gunzTarPerm extractEntry doc/zh/bash.md
267 silly gunzTarPerm extractEntry NOTICE
268 silly gunzTarPerm extractEntry scripts/cordova.completion
269 silly gunzTarPerm extractEntry RELEASENOTES.md
270 silly lockFile 94276bf9--Edgar-npm-cordova-4-1-2-package tar:///Users/Edgar/.npm/cordova/4.1.2/package
271 silly lockFile 94276bf9--Edgar-npm-cordova-4-1-2-package tar:///Users/Edgar/.npm/cordova/4.1.2/package
272 silly lockFile 1938eb87-ar-npm-cordova-4-1-2-package-tgz tar:///Users/Edgar/.npm/cordova/4.1.2/package.tgz
273 silly lockFile 1938eb87-ar-npm-cordova-4-1-2-package-tgz tar:///Users/Edgar/.npm/cordova/4.1.2/package.tgz
274 verbose chmod /Users/Edgar/.npm/cordova/4.1.2/package.tgz 644
275 verbose chown /Users/Edgar/.npm/cordova/4.1.2/package.tgz [ 501, 20 ]
276 silly lockFile 69dcc1a4-js-org-cordova-cordova-4-1-2-tgz https://registry.npmjs.org/cordova/-/cordova-4.1.2.tgz
277 silly lockFile 69dcc1a4-js-org-cordova-cordova-4-1-2-tgz https://registry.npmjs.org/cordova/-/cordova-4.1.2.tgz
278 silly lockFile d72081f6-cordova-4-1-2 cordova@4.1.2
279 silly lockFile d72081f6-cordova-4-1-2 cordova@4.1.2
280 silly lockFile de8d9fad-cordova cordova@
281 silly lockFile de8d9fad-cordova cordova@
282 silly resolved [ { name: 'ionic',
282 silly resolved     version: '1.2.8',
282 silly resolved     preferGlobal: true,
282 silly resolved     description: 'A tool for creating and developing Ionic Framework mobile apps.',
282 silly resolved     homepage: 'http://ionicframework.com/',
282 silly resolved     bin: { ionic: 'bin/ionic' },
282 silly resolved     keywords:
282 silly resolved      [ 'ionic',
282 silly resolved        'ionic framework',
282 silly resolved        'ionicframework',
282 silly resolved        'mobile',
282 silly resolved        'app',
282 silly resolved        'hybrid',
282 silly resolved        'cordova',
282 silly resolved        'phonegap' ],
282 silly resolved     repository:
282 silly resolved      { type: 'git',
282 silly resolved        url: 'https://github.com/driftyco/ionic-cli.git' },
282 silly resolved     contributors: [ [Object], [Object], [Object] ],
282 silly resolved     license: 'MIT',
282 silly resolved     dependencies:
282 silly resolved      { archiver: '0.5.1',
282 silly resolved        colors: '0.6.2',
282 silly resolved        connect: '3.1.1',
282 silly resolved        'cross-spawn': '0.2.3',
282 silly resolved        'connect-livereload': '0.4.0',
282 silly resolved        'event-stream': '3.0.x',
282 silly resolved        finalhandler: '0.2.0',
282 silly resolved        'form-data': '0.1.4',
282 silly resolved        ncp: '0.4.2',
282 silly resolved        npm: '2.1.3',
282 silly resolved        open: '0.0.5',
282 silly resolved        optimist: '0.6.0',
282 silly resolved        prompt: '0.2.12',
282 silly resolved        progress: '1.1.7',
282 silly resolved        q: '1.0.1',
282 silly resolved        request: '2.27.0',
282 silly resolved        'serve-static': '1.6.1',
282 silly resolved        shelljs: '0.2.6',
282 silly resolved        'tiny-lr-fork': '0.0.5',
282 silly resolved        unzip: '0.1.9',
282 silly resolved        'vinyl-fs': '0.3.7',
282 silly resolved        xml2js: '0.4.4' },
282 silly resolved     readme: 'Ionic-Cli\n=========\n\nThe Ionic Framework command line utility makes it easy to start, build, run, and emulate [Ionic](http://ionicframework.com/) apps. In the future, it will also have support for our mobile development services and tools that make Ionic even more powerful.\n\nUse the `ionic --help` command for more detailed task information.\n\n## Installing\n\n```bash\n$ npm install -g ionic\n```\n\n*Note: For a global install of `-g ionic`, OSX/Linux users may need to prefix the command with `sudo`.*\n\n\n## Starting an Ionic App\n\n```bash\n$ ionic start myapp [template]\n```\n\nStarter templates can either come from a named template, a Github repo, a Codepen, or a local directory. A starter template is what becomes the `www` directory within the Cordova project.\n\n__Named template starters:__\n\n* [tabs](https://github.com/driftyco/ionic-starter-tabs) (Default)\n* [sidemenu](https://github.com/driftyco/ionic-starter-sidemenu)\n* [blank](https://github.com/driftyco/ionic-starter-blank)\n\n__Github Repo starters:__\n\n* Any Github repo url, ex: [https://github.com/driftyco/ionic-starter-tabs](https://github.com/driftyco/ionic-starter-tabs)\n* Named templates are simply aliases to Ionic starter repos\n\n__Codepen URL starters:__\n\n* Any Codepen url, ex: [http://codepen.io/ionic/pen/odqCz](http://codepen.io/ionic/pen/odqCz)\n* [Ionic Codepen Demos](http://codepen.io/ionic/public-list/)\n\n__Local directory starters:__\n\n* Relative or absolute path to a local directory\n\n__Command-line flags/options:__\n\n    --appname, -a  .......  Human readable name for the app\n                            (Use quotes around the name)\n    --id, -i  ............  Package name set in the <widget id> config\n                            ex: com.mycompany.myapp\n    --no-cordova, -w  ....  Do not create an app targeted for Cordova\n\n\n## Testing in a Browser\n\nUse `ionic serve` to start a local development server for app dev and testing. This is useful for both desktop browser testing, and to test within a device browser which is connected to the same network. Additionally, this command starts LiveReload which is used to monitor changes in the file system. As soon as you save a file the browser is refreshed automatically. View [Using Sass](https://github.com/driftyco/ionic-cli/blob/master/README.md#using-sass) if you would also like to have `ionic serve` watch the project\'s Sass files.\n\n```bash\n$ ionic serve [options]\n```\n\n__Command-line flags/options:__\n\n    [--consolelogs|-c] ......  Print app console logs to Ionic CLI\n    [--serverlogs|-s] .......  Print dev server logs to Ionic CLI\n    [--port|-p] .............  Dev server HTTP port (8100 default)\n    [--livereload-port|-i] ..  Live Reload port (35729 default)\n    [--nobrowser|-b] ........  Disable launching a browser\n    [--nolivereload|-r] .....  Do not start live reload\n\n\n## Adding a platform target\n\n```bash\n$ ionic platform ios android\n```\n\n## Building your app\n\n```bash\n$ ionic build ios\n```\n\n## Live Reload App During Development (beta)\n\nThe `run` or `emulate` command will deploy the app to the specified platform devices/emulators. You can also run __live reload__ on the specified platform device by adding the `--livereload` option. The live reload functionality is similar to `ionic serve`, but instead of developing and debugging an app using a standard browser, the compiled hybrid app itself is watching for any changes to its files and reloading the app when needed. This reduces the requirement to constantly rebuild the app for small changes. However, any changes to plugins will still require a full rebuild. For live reload to work, the dev machine and device must be on the same local network, and the device must support [web sockets](http://caniuse.com/websockets).\n\nWith live reload enabled, an app\'s console logs can also be printed to the terminal/command prompt by including the `--consolelogs` or `-c` option. Additionally, the development server\'s request logs can be printed out using `--serverlogs` or `-s` options.\n\n__Command-line flags/options for `run` and `emulate`:__\n\n    [--livereload|-l] .......  Live Reload app dev files from the device (beta)\n    [--consolelogs|-c] ......  Print app console logs to Ionic CLI (live reload req.)\n    [--serverlogs|-s] .......  Print dev server logs to Ionic CLI (live reload req.)\n    [--port|-p] .............  Dev server HTTP port (8100 default, live reload req.)\n    [--livereload-port|-i] ..  Live Reload port (35729 default, live reload req.)\n    [--debug|--release]\n\nWhile the server is running for live reload, you can use the following commands within the CLI:\n\n    restart or r to restart the client app from the root\n    goto or g and a url to have the app navigate to the given url\n    consolelogs or c to enable/disable console log output\n    serverlogs or s to enable/disable server log output\n    quit or q to shutdown the server and exit\n\n\n## Emulating your app\n\nDeploys the Ionic app on specified platform emulator. This is simply an alias for `run --emulator`.\n\n```bash\n$ ionic emulate ios [options]\n```\n\n\n## Running your app\n\nDeploys the Ionic app on specified platform devices. If a device is not found it\'ll then deploy to an emulator/simulator.\n\n```bash\n$ ionic run ios [options]\n```\n\n\n## Update Ionic lib\n\nUpdate Ionic library files, which are found in the `www/lib/ionic` directory. If bower is being used\nby the project, this command will automatically run `bower update ionic`, otherwise this command updates\nthe local static files from Ionic\'s CDN.\n\n```bash\n$ ionic lib update\n```\n*Note: Using bower? This command does not update Ionic\'s dependencies. Run `bower update` to update Ionic and all of it\'s dependencies defined in `bower.json`.*\n\n## Packaging an app (beta)\n\nUsing Ionic\'s service, you can compile and package your project into an app-store ready app without\nrequiring native SDKs on your machine.\n\n```bash\n$ ionic package debug android\n```\n\nThe third argument can be either `debug` or `release`, and the last argument can be either `android` or `ios`.\n\n\n## Cordova Commands\n\nIonic uses Cordova underneath, so you can also substitute Cordova commands to prepare/build/emulate/run, or to add additional plugins.\n\n*Note: we occasionally send anonymous usage statistics to the Ionic team to make the tool better.*\n\n\n## Using Sass\n\nBy default, starter projects are hooked up to Ionic\'s precompiled CSS file, which is found in the project\'s `www/lib/ionic/css` directory, and is linked to the app in the head of the root `index.html` file. However, Ionic projects can also be customized using [Sass](http://sass-lang.com/), which gives developers and designers "superpowers" in terms of creating and maintaining CSS. Below are two ways to setup Sass for your Ionic project (the `ionic setup sass` command simply does the manual steps for you). Once Sass has been setup for your Ionic project, then the `ionic serve` command will also watch for Sass changes.\n\n#### Setup Sass Automatically\n\n    ionic setup sass\n\n\n#### Setup Sass Manually\n\n1. Run `npm install` from the working directory of an Ionic project. This will install [gulp.js](http://gulpjs.com/) and a few handy tasks, such as [gulp-sass](https://www.npmjs.org/package/gulp-sass) and [gulp-minify-css](https://www.npmjs.org/package/gulp-minify-css).\n2. Remove `<link href="lib/ionic/css/ionic.css" rel="stylesheet">` from the `<head>` of the root `index.html` file.\n3. Remove `<link href="css/style.css" rel="stylesheet">` from the `<head>` of the root `index.html` file.\n4. Add `<link href="css/ionic.app.css" rel="stylesheet">` to the `<head>` of the root `index.html` file.\n5. In the `ionic.project` file, add the JavaScript property `"gulpStartupTasks": ["sass", "watch"]` (this can also be customized to whatever gulp tasks you\'d like).\n',
282 silly resolved     readmeFilename: 'README.md',
282 silly resolved     bugs: { url: 'https://github.com/driftyco/ionic-cli/issues' },
282 silly resolved     _id: 'ionic@1.2.8',
282 silly resolved     dist: { shasum: 'ce4fc24a4fc0ac9fb66d57d91987f0968b761ab1' },
282 silly resolved     _from: 'ionic@',
282 silly resolved     _resolved: 'https://registry.npmjs.org/ionic/-/ionic-1.2.8.tgz' },
282 silly resolved   { name: 'cordova',
282 silly resolved     version: '4.1.2',
282 silly resolved     preferGlobal: 'true',
282 silly resolved     description: 'Cordova command line interface tool',
282 silly resolved     main: 'cordova',
282 silly resolved     engines: { node: '>=0.9.9' },
282 silly resolved     engineStrict: true,
282 silly resolved     bin: { cordova: './bin/cordova' },
282 silly resolved     scripts: { test: 'jasmine-node --captureExceptions --color spec' },
282 silly resolved     repository:
282 silly resolved      { type: 'git',
282 silly resolved        url: 'https://git-wip-us.apache.org/repos/asf/cordova-cli.git' },
282 silly resolved     bugs:
282 silly resolved      { url: 'https://issues.apache.org/jira/browse/CB',
282 silly resolved        email: 'dev@cordova.apache.org' },
282 silly resolved     keywords: [ 'cordova', 'client', 'cli' ],
282 silly resolved     dependencies:
282 silly resolved      { 'cordova-lib': '4.1.2',
282 silly resolved        q: '1.0.1',
282 silly resolved        nopt: '3.0.1',
282 silly resolved        underscore: '1.7.0' },
282 silly resolved     devDependencies: { 'jasmine-node': '1.14.5' },
282 silly resolved     author: { name: 'Anis Kadri' },
282 silly resolved     contributors:
282 silly resolved      [ [Object],
282 silly resolved        [Object],
282 silly resolved        [Object],
282 silly resolved        [Object],
282 silly resolved        [Object],
282 silly resolved        [Object],
282 silly resolved        [Object],
282 silly resolved        [Object],
282 silly resolved        [Object],
282 silly resolved        [Object],
282 silly resolved        [Object],
282 silly resolved        [Object],
282 silly resolved        [Object],
282 silly resolved        [Object],
282 silly resolved        [Object],
282 silly resolved        [Object],
282 silly resolved        [Object],
282 silly resolved        [Object],
282 silly resolved        [Object],
282 silly resolved        [Object],
282 silly resolved        [Object],
282 silly resolved        [Object],
282 silly resolved        [Object],
282 silly resolved        [Object] ],
282 silly resolved     license: 'Apache version 2.0',
282 silly resolved     readme: '<!--\n#\n# Licensed to the Apache Software Foundation (ASF) under one\n# or more contributor license agreements.  See the NOTICE file\n# distributed with this work for additional information\n# regarding copyright ownership.  The ASF licenses this file\n# to you under the Apache License, Version 2.0 (the\n# "License"); you may not use this file except in compliance\n# with the License.  You may obtain a copy of the License at\n#\n# http://www.apache.org/licenses/LICENSE-2.0\n#\n# Unless required by applicable law or agreed to in writing,\n# software distributed under the License is distributed on an\n# "AS IS" BASIS, WITHOUT WARRANTIES OR CONDITIONS OF ANY\n#  KIND, either express or implied.  See the License for the\n# specific language governing permissions and limitations\n# under the License.\n#\n-->\n\n# cordova-cli\n\n> The command line tool to build, deploy and manage [Cordova](http://cordova.io)-based applications.\n\n[Apache Cordova](http://cordova.io) allows for building native mobile applications using HTML, CSS and JavaScript. This tool helps with management of multi-platform Cordova applications as well as Cordova plugin integration.\n\nCheck out the [Getting Started guides](http://cordova.apache.org/docs/en/edge/) for more details on how to work with Cordova sub-projects.\n\n# Supported Cordova Platforms\n\n- Amazon Fire OS\n- Android\n- BlackBerry 10\n- iOS\n- Ubuntu\n- Windows Phone 8\n- Windows 8\n\n# Requirements\n\n* [Node.js](http://nodejs.org/)\n* SDKs for each platform you wish to support:\n  - **Android**: [Android SDK](http://developer.android.com) - **NOTE** This tool\n    will not work unless you have the absolute latest updates for all\n    Android SDK components. Also you will need the SDK\'s `tools` and `platform-tools` directories on your __system path__ otherwise Android support will fail.\n  - **amazon-fireos**: [Amazon Fire OS SDK](https://developer.amazon.com/public/solutions/platforms/android-fireos/docs/building-and-testing-your-hybrid-app) - **NOTE** This tool will not work unless you have Android SDK installed and paths are updated as mentioned above. In addition you need to install AmazonWebView SDK and copy awv_interface.jar on **Mac/Linux** system to ~/.cordova/lib/commonlibs folder or on **Windows** %USERPROFILE%/.cordova/lib/coomonlibs. If commonlibs folder does not exist then create one.\n  - [Windows Phone SDK](http://dev.windowsphone.com/en-us/downloadsdk) - **NOTE** This tool will not work unless you have `msbuild` on your __system path__ otherwise Windows Phone support will fail (`msbuild.exe` is generally located in `C:\\Windows\\Microsoft.NET\\Framework\\v4.0.30319`).\n  - **BlackBerry 10**: [BlackBerry 10 WebWorks SDK](http://developer.blackberry.com/html5/download/). Make sure you have the `dependencies/tools/bin` folder inside the SDK directory added to your path!\n  - **iOS**: [iOS SDK](http://developer.apple.com) with the latest `Xcode` and `Xcode Command Line Tools`\n  - **Windows Phone**: [Windows Phone SDK](http://dev.windowsphone.com/en-us/downloadsdk) - **NOTE** This tool will not work unless you have `msbuild` on your __system path__ otherwise Windows Phone support will fail (`msbuild.exe` is generally located in `C:\\Windows\\Microsoft.NET\\Framework\\v4.0.30319`).\n\n`cordova-cli` has been tested on **Mac OS X**, **Linux**, **Windows 7**, and **Windows 8**.\n\nPlease note that some platforms have OS restrictions.  For example, you cannot build for Windows 8 or Windows Phone 8 on Mac OS X, nor can you build for iOS on Windows.\n\n# Install\n\nUbuntu packages are available in a PPA for Ubuntu 13.10 (Saucy) (the current release) as well as 14.04 (Trusty) (under development).\n\n    sudo apt-add-repository ppa:cordova-ubuntu/ppa\n    sudo apt-get update\n    sudo apt-get install cordova-cli\n    npm install -g cordova\n\nTo build an application for the Ubuntu platform, the following extra packages are required:\n\n    sudo apt-get install cmake debhelper libx11-dev libicu-dev pkg-config qtbase5-dev qtchooser qtdeclarative5-dev qtfeedback5-dev qtlocation5-dev qtmultimedia5-dev qtpim5-dev qtsensors5-dev qtsystems5-dev\n\n\n## Installing from master\n\nYou\'ll need to install both [CLI](https://git-wip-us.apache.org/repos/asf/cordova-cli.git) and [Plugman](https://git-wip-us.apache.org/repos/asf/cordova-plugman.git) from `git`. Running the *npm version* of one and *(git) master version* of the other is likely to end with you suffering.\n\nTo avoid using sudo, see [Get away from sudo: npm without root](http://justjs.com/posts/npm-link-developing-your-own-npm-modules-without-tears).\n\nRun the following commands:\n\n    git clone https://git-wip-us.apache.org/repos/asf/cordova-plugman.git\n    cd cordova-plugman\n    npm install\n    sudo npm link\n    cd ..\n    git clone https://git-wip-us.apache.org/repos/asf/cordova-cli.git\n    cd cordova-cli\n    npm install\n    sudo npm link\n    npm link plugman\n\nNow the `cordova` and `plugman` in your path are the local git versions. Don\'t forget to keep them up to date!\n\n## Installing on Ubuntu\n\n    apt-get install cordova-cli\n\n\n# Getting Started\n\n`cordova-cli` has a single global `create` command that creates new cordova projects into a specified directory. Once you create a project, `cd` into it and you can execute a variety of project-level commands. Completely inspired by git\'s interface.\n\n## Global Commands\n\n- `help` display a help page with all available commands\n- `create <directory> [<id> [<name>]]` create a new cordova project with optional name and id (package name, reverse-domain style)\n\n<a name="project_commands" />\n## Project Commands\n\n- `platform [ls | list]` list all platforms for which the project will build\n- `platform add <platform> [<platform> ...]` add one (or more) platforms as a build target for the project\n- `platform [rm | remove] <platform> [<platform> ...]` removes one (or more) platform build targets from the project\n- `platform [up | update] <platform> ` - updates the Cordova version used for the given platform\n- `plugin [ls | list]` list all plugins included in the project\n- `plugin add <path-to-plugin> [<path-to-plugin> ...]` add one (or more) plugins to the project\n- `plugin [rm | remove] <plugin-name> [<plugin-name> ...]` remove one (or more) plugins from the project.\n- `plugin search [<keyword1> <keyword2> ...]` search the plugin registry for plugins matching the list of keywords\n- `prepare [platform...]` copies files into the specified platforms, or all platforms. It is then ready for building by `Eclipse`, `Xcode`, etc.\n- `compile [platform...]` compiles the app into a binary for each targetted platform. With no parameters, builds for all platforms, otherwise builds for the specified platforms.\n- `build [<platform> [<platform> [...]]]` an alias for `cordova prepare` followed by `cordova compile`\n- `emulate [<platform> [<platform> [...]]]` launch emulators and deploy app to them. With no parameters emulates for all platforms added to the project, otherwise emulates for the specified platforms\n- `serve [port]` launch a local web server allowing you to access each  platform\'s www directory on the given port (default 8000).\n\n### Optional Flags\n\n- `-d` or `--verbose` will pipe out more verbose output to your shell. You can also subscribe to `log` and `warn` events if you are consuming `cordova-cli` as a node module by calling `cordova.on(\'log\', function() {})` or `cordova.on(\'warn\', function() {})`.\n- `-v` or `--version` will print out the version of your `cordova-cli` install.\n\n# Project Directory Structure\nA Cordova application built with `cordova-cli` will have the following directory structure:\n\n    myApp/\n    |-- config.xml\n    |-- hooks/\n    |-- merges/\n    | | |-- android/\n    | | |-- blackberry10/\n    | | `-- ios/\n    |-- www/\n    |-- platforms/\n    | |-- android/\n    | |-- blackberry10/\n    | `-- ios/\n    `-- plugins/\n\n## hooks/\nThis directory may contains scripts used to customize cordova commands. This\ndirectory used to exist at `.cordova/hooks`, but has now been moved to the\nproject root. Any scripts you add to these directories will be executed before\nand after the commands corresponding to the directory name. Useful for\nintegrating your own build systems or integrating with version control systems.\n\nRefer to [hooks-README.md](https://github.com/apache/cordova-lib/blob/master/cordova-lib/templates/hooks-README.md) for more information.\n\n## merges/\nPlatform-specific web assets (HTML, CSS and JavaScript files) are contained within appropriate subfolders in this directory. These are deployed during a `prepare` to the appropriate native directory.  Files placed under `merges/` will override matching files in the `www/` folder for the relevant platform. A quick example, assuming a project structure of:\n\n    merges/\n    |-- ios/\n    | `-- app.js\n    |-- android/\n    | `-- android.js\n    www/\n    `-- app.js\n\nAfter building the Android and iOS projects, the Android application will contain both `app.js` and `android.js`. However, the iOS application will only contain an `app.js`, and it will be the one from `merges/ios/app.js`, overriding the "common" `app.js` located inside `www/`.\n\n## www/\n\nContains the project\'s web artifacts, such as .html, .css and .js files. These are your main application assets. They will be copied on a `cordova prepare` to each platform\'s www directory.\n\n### Your Blanket: config.xml\n\nThis file is what you should be editing to modify your application\'s metadata. Any time you run any cordova-cli commands, the tool will look at the contents of `config.xml` and use all relevant info from this file to define native application information. cordova-cli supports changing your application\'s data via the following elements inside the `config.xml` file:\n\n- The user-facing name can be modified via the contents of the `<name>` element.\n- The package name (AKA bundle identifier or application id) can be modified via the `id` attribute from the top-level `<widget>` element.\n- The version can be modified via the `version` attribute from the top-level `<widget>` element.\n- The whitelist can be modified using the `<access>` elements. Make sure the `origin` attribute of your `<access>` element points to a valid URL (you can use `*` as wildcard). For more information on the whitelisting syntax, see the [docs.phonegap.com](http://docs.phonegap.com/en/2.2.0/guide_whitelist_index.md.html#Domain%20Whitelist%20Guide). You can use either attribute `uri` ([BlackBerry-proprietary](https://developer.blackberry.com/html5/documentation/access_element_834677_11.html)) or `origin` ([standards-compliant](http://www.w3.org/TR/widgets-access/#attributes)) to denote the domain.\n- Platform-specific preferences can be customized via `<preference>` tags. See [docs.phonegap.com](http://docs.phonegap.com/en/2.3.0/guide_project-settings_index.md.html#Project%20Settings) for a list of preferences you can use.\n- The entry/start page for your application can be defined via the `<content src>` element + attribute.\n\n## platforms/\nPlatforms added to your application will have the native application project structures laid out within this directory.\n\n## plugins/\nAny added plugins will be extracted or copied into this directory.\n\n# Hooks\n\nProjects created by cordova-cli have `before` and `after` hooks for each [project command](#project_commands).\n\nThere are two types of hooks: project-specific ones and module-level ones. Both of these types of hooks receive the project root folder as a parameter.\n\n## Project-specific Hooks\n\nThese are located under the `hooks` directory in the root of your cordova project. Any scripts you add to these directories will be executed before and after the appropriate commands. Useful for integrating your own build systems or integrating with version control systems. __Remember__: make your scripts executable.\n\n### Examples\n\n- [`before_build` hook for jade template compiling](https://gist.github.com/4100866) courtesy of [dpogue](http://github.com/dpogue)\n\n## Module-level Hooks\n\nIf you are using cordova-cli as a module within a larger **Node** application, you can also use the standard `EventEmitter` methods to attach to the events. The events include `before_build`, `before_compile`, `before_docs`, `before_emulate`, `before_run`, `before_platform_add`, `before_library_download`, `before_platform_ls`, `before_platform_rm`, `before_plugin_add`, `before_plugin_ls`, `before_plugin_rm` and `before_prepare`. There is also a `library_download` progress event. Additionally, there are `after_` flavours of all the above events.\n\nOnce you `require(\'cordova\')` in your Node project, you will have the usual `EventEmitter` methods available (`on`, `off` or `removeListener`, `removeAllListeners`, and `emit` or `trigger`).\n\n# Examples\n\n## Creating a new cordova project\nThis example shows how to create a project from scratch named KewlApp with iOS and Android platform support, and includes a plugin named Kewlio. The project will live in ~/KewlApp\n\n    cordova create ~/KewlApp KewlApp\n    cd ~/KewlApp\n    cordova platform add ios android\n    cordova plugin add http://example.org/Kewlio-1.2.3.tar.gz\n    cordova build\n\nThe directory structure of KewlApp now looks like this:\n\n    KewlApp/\n    |-- hooks/\n    |-- merges/\n    | |-- android/\n    | `-- ios/\n    |-- www/\n    | `-- index.html\n    |-- platforms/\n    | |-- android/\n    | | `-- \n    | `-- ios/\n    |   `-- \n    `-- plugins/\n      `-- Kewlio/\n\n# Contributing\n\n## Running Tests\n\n    npm test\n\n## TO-DO + Issues\n\nPlease check [Cordova issues with the CLI Component](http://issues.cordova.io). If you find issues with this tool, please be so kind as to include relevant information needed to debug issues such as:\n\n- Your operating system and version\n- The application name, directory location, and identifier used with `create`\n- Which mobile SDKs you have installed, and their versions. Related to this: which `Xcode` version if you are submitting issues related to iOS\n- Any error stack traces you received\n\n## Contributors\n\nThanks to everyone for contributing! For a list of people involved, please see the `package.json` file.\n\n\n# Known Issues and Troubleshooting\n\n## Any OS\n\n### Proxy Settings\n\n`cordova-cli` will use `npm`\'s proxy settings. If you downloaded cordova-cli via `npm` and are behind a proxy, chances are cordova-cli should work for you as it will use those settings in the first place. Make sure that the `https-proxy` and `proxy` npm config variables are set properly. See [npm\'s configuration documentation](https://npmjs.org/doc/config.html) for more information.\n\n## Windows\n\n### Trouble Adding Android as a Platform\n\nWhen trying to add a platform on a Windows machine if you run into the following error message:\n    cordova library for "android" already exists. No need to download. Continuing.\n    Checking if platform "android" passes minimum requirements...\n    Checking Android requirements...\n    Running "android list target" (output to follow)\n\n    Error: The command `android` failed. Make sure you have the latest Android SDK installed, and the `android` command (inside the tools/ folder) added t\n    o your path. Output:\n    at C:\\Users\\me\\AppData\\Roaming\\npm\\node_modules\\cordova\\src\\platform.js:185:42\n    at C:\\Users\\me\\AppData\\Roaming\\npm\\node_modules\\cordova\\src\\metadata\\android_parser.js:50:13\n    at C:\\Users\\me\\AppData\\Roaming\\npm\\node_modules\\cordova\\node_modules\\shelljs\\shell.js:1707:7\n    at exithandler (child_process.js:633:7)\n    at ChildProcess.errorhandler (child_process.js:649:5)\n    at ChildProcess.EventEmitter.emit (events.js:95:17)\n    at Process.ChildProcess._handle.onexit (child_process.js:787:12)\n\nrun the command `android list target`.  If you see:\n\n    \'xcopy\' is not recognized as an internal or external command,\n    operable program or batch file.\n\nat the beginning of the command output, it means you will need to fix your Windows Path variable to include xcopy. This location is typically under C:\\Windows\\System32.\n\n## Windows 8\n\nWindows 8 support does not include the ability to launch/run/emulate, so you will need to open **Visual Studio** to see your app live.  You are still able to use the following commands with windows8:\n\n- `platform add windows8`\n- `platform remove windows8`\n- `prepare windows8`\n- `compile windows8`\n- `build windows8`\n\nTo run your app, you will need to open the `.sln` in the `platforms/windows8` folder using **Visual Studio 2012**.\n\n**Visual Studio** will tell you to reload the project if you run any of the above commands while the project is loaded.\n\n## Amazon Fire OS\n\nAmazon Fire OS does not include the ability to emulate. You are still able to use the following commands with Amazon Fire OS\n\n- `platform add amazon-fireos`\n- `platform remove amazon-fireos`\n- `prepare amazon-fireos`\n- `compile amazon-fireos`\n- `build amazon-fireos`\n\n## Ubuntu\n\nThe initial release of cordova-ubuntu does not support building applications for armhf devices automatically. It is possible to produce applications and click packages in a few steps though.\n\nThis bug report documents the issue and solutions for it: https://bugs.launchpad.net/ubuntu/+source/cordova-ubuntu/+bug/1260500 A future release will let developers cross-compile armhf click packages directly from an x86 desktop.\n\n## Firefox OS\n\nFirefox OS does not include the ability to emulate, run and serve. After building, you will have to open the firefoxos platform directory of your app in the App Manager that comes with every firefox browser. \n',
282 silly resolved     readmeFilename: 'README.md',
282 silly resolved     _id: 'cordova@4.1.2',
282 silly resolved     dist: { shasum: 'eb2bfa1893d448ac4b8f51d61ee9461a4be2572d' },
282 silly resolved     _from: 'cordova@',
282 silly resolved     _resolved: 'https://registry.npmjs.org/cordova/-/cordova-4.1.2.tgz' } ]
283 info install ionic@1.2.8 into /usr/local/lib
284 info install cordova@4.1.2 into /usr/local/lib
285 info installOne ionic@1.2.8
286 info installOne cordova@4.1.2
287 info /usr/local/lib/node_modules/ionic unbuild
288 info /usr/local/lib/node_modules/cordova unbuild
289 info preuninstall ionic@1.2.8
290 info preuninstall cordova@4.1.2
291 info uninstall ionic@1.2.8
292 info uninstall cordova@4.1.2
293 verbose true,/usr/local/lib/node_modules,/usr/local/lib/node_modules unbuild ionic@1.2.8
294 verbose /usr/local/bin,[object Object] binRoot
295 verbose true,/usr/local/lib/node_modules,/usr/local/lib/node_modules unbuild cordova@4.1.2
296 verbose /usr/local/bin,[object Object] binRoot
297 info /usr/local/lib/node_modules/cordova unbuild
298 info /usr/local/lib/node_modules/ionic unbuild
299 info preuninstall cordova@4.1.2
300 info preuninstall ionic@1.2.8
301 info uninstall cordova@4.1.2
302 info uninstall ionic@1.2.8
303 verbose true,/usr/local/lib/node_modules,/usr/local/lib/node_modules unbuild cordova@4.1.2
304 verbose /usr/local/bin,[object Object] binRoot
305 verbose true,/usr/local/lib/node_modules,/usr/local/lib/node_modules unbuild ionic@1.2.8
306 verbose /usr/local/bin,[object Object] binRoot
307 error error rolling back Error: EACCES, unlink '/usr/local/bin/cordova'
307 error error rolling back  cordova@4.1.2 { [Error: EACCES, unlink '/usr/local/bin/cordova'] errno: 3, code: 'EACCES', path: '/usr/local/bin/cordova' }
308 error Error: EACCES, unlink '/usr/local/bin/cordova'
308 error  { [Error: EACCES, unlink '/usr/local/bin/cordova'] errno: 3, code: 'EACCES', path: '/usr/local/bin/cordova' }
309 error Please try running this command again as root/Administrator.
310 error System Darwin 14.0.0
311 error command "/usr/local/bin/node" "/usr/local/bin/npm" "install" "-g" "cordova" "ionic"
312 error cwd /Users/Edgar/Documents/Development/Labs/todoApp
313 error node -v v0.10.24
314 error npm -v 1.3.21
315 error path /usr/local/bin/cordova
316 error code EACCES
317 error errno 3
318 error stack Error: EACCES, unlink '/usr/local/bin/cordova'
319 verbose exit [ 3, true ]
